c:\users\casper.martensson\documents\github\matte\uppgift 5 – kamera\bin\launcher_debug.pdb
c:\users\casper.martensson\documents\github\matte\uppgift 5 – kamera\bin\launcher_debug.idb
c:\users\casper.martensson\documents\github\matte\uppgift 5 – kamera\temp\launcher\debug\main.obj
c:\users\casper.martensson\documents\github\matte\uppgift 5 – kamera\temp\launcher\debug\launcher.res
c:\users\casper.martensson\documents\github\matte\uppgift 5 – kamera\source\..\bin\launcher_debug.pdb
c:\users\casper.martensson\documents\github\matte\uppgift 5 – kamera\temp\launcher\debug\launcher.tlog\cl.command.1.tlog
c:\users\casper.martensson\documents\github\matte\uppgift 5 – kamera\temp\launcher\debug\launcher.tlog\cl.read.1.tlog
c:\users\casper.martensson\documents\github\matte\uppgift 5 – kamera\temp\launcher\debug\launcher.tlog\cl.write.1.tlog
c:\users\casper.martensson\documents\github\matte\uppgift 5 – kamera\temp\launcher\debug\launcher.tlog\link-cvtres.read.1.tlog
c:\users\casper.martensson\documents\github\matte\uppgift 5 – kamera\temp\launcher\debug\launcher.tlog\link-cvtres.write.1.tlog
c:\users\casper.martensson\documents\github\matte\uppgift 5 – kamera\temp\launcher\debug\launcher.tlog\link-rc.read.1.tlog
c:\users\casper.martensson\documents\github\matte\uppgift 5 – kamera\temp\launcher\debug\launcher.tlog\link-rc.write.1.tlog
c:\users\casper.martensson\documents\github\matte\uppgift 5 – kamera\temp\launcher\debug\launcher.tlog\link.5112-cvtres.read.1.tlog
c:\users\casper.martensson\documents\github\matte\uppgift 5 – kamera\temp\launcher\debug\launcher.tlog\link.5112-cvtres.write.1.tlog
c:\users\casper.martensson\documents\github\matte\uppgift 5 – kamera\temp\launcher\debug\launcher.tlog\link.5112-rc.read.1.tlog
c:\users\casper.martensson\documents\github\matte\uppgift 5 – kamera\temp\launcher\debug\launcher.tlog\link.5112-rc.write.1.tlog
c:\users\casper.martensson\documents\github\matte\uppgift 5 – kamera\temp\launcher\debug\launcher.tlog\link.5112.read.1.tlog
c:\users\casper.martensson\documents\github\matte\uppgift 5 – kamera\temp\launcher\debug\launcher.tlog\link.5112.write.1.tlog
c:\users\casper.martensson\documents\github\matte\uppgift 5 – kamera\temp\launcher\debug\launcher.tlog\link.command.1.tlog
c:\users\casper.martensson\documents\github\matte\uppgift 5 – kamera\temp\launcher\debug\launcher.tlog\link.read.1.tlog
c:\users\casper.martensson\documents\github\matte\uppgift 5 – kamera\temp\launcher\debug\launcher.tlog\link.write.1.tlog
c:\users\casper.martensson\documents\github\matte\uppgift 5 – kamera\temp\launcher\debug\launcher.tlog\rc.command.1.tlog
c:\users\casper.martensson\documents\github\matte\uppgift 5 – kamera\temp\launcher\debug\launcher.tlog\rc.read.1.tlog
c:\users\casper.martensson\documents\github\matte\uppgift 5 – kamera\temp\launcher\debug\launcher.tlog\rc.write.1.tlog
