c:\users\casper.martensson\documents\github\matte\uppgift 8 threeshapes\source\temp\game\debug\game_debug.pch
c:\users\casper.martensson\documents\github\matte\uppgift 8 threeshapes\source\temp\game\debug\game.pdb
c:\users\casper.martensson\documents\github\matte\uppgift 8 threeshapes\source\temp\game\debug\game.idb
c:\users\casper.martensson\documents\github\matte\uppgift 8 threeshapes\source\temp\game\debug\stdafx.obj
c:\users\casper.martensson\documents\github\matte\uppgift 8 threeshapes\source\temp\game\debug\game.obj
c:\users\casper.martensson\documents\github\matte\uppgift 8 threeshapes\source\temp\game\debug\gameworld.obj
c:\users\casper.martensson\documents\github\matte\uppgift 8 threeshapes\source\temp\game\debug\camera.obj
c:\users\casper.martensson\documents\github\matte\uppgift 8 threeshapes\source\temp\game\debug\potato.obj
c:\users\casper.martensson\documents\github\matte\uppgift 8 threeshapes\source\temp\game\debug\sphere.obj
c:\users\casper.martensson\documents\github\matte\uppgift 8 threeshapes\source\temp\game\debug\shape.obj
c:\users\casper.martensson\documents\github\matte\uppgift 8 threeshapes\source\temp\game\debug\torus.obj
c:\users\casper.martensson\documents\github\matte\uppgift 8 threeshapes\source\temp\game\debug\cube.obj
c:\users\casper.martensson\documents\github\matte\uppgift 8 threeshapes\source\lib\game_debug.lib
c:\users\casper.martensson\documents\github\matte\uppgift 8 threeshapes\source\source\..\lib\game_debug.lib
c:\users\casper.martensson\documents\github\matte\uppgift 8 threeshapes\source\temp\game\debug\game.tlog\cl.command.1.tlog
c:\users\casper.martensson\documents\github\matte\uppgift 8 threeshapes\source\temp\game\debug\game.tlog\cl.read.1.tlog
c:\users\casper.martensson\documents\github\matte\uppgift 8 threeshapes\source\temp\game\debug\game.tlog\cl.write.1.tlog
c:\users\casper.martensson\documents\github\matte\uppgift 8 threeshapes\source\temp\game\debug\game.tlog\lib-link.read.1.tlog
c:\users\casper.martensson\documents\github\matte\uppgift 8 threeshapes\source\temp\game\debug\game.tlog\lib-link.write.1.tlog
c:\users\casper.martensson\documents\github\matte\uppgift 8 threeshapes\source\temp\game\debug\game.tlog\lib.command.1.tlog
