c:\users\casper.martensson\desktop\uppgift 15 - flappy helicopter\temp\tga2d\debug\tga2d_debug.pch
c:\users\casper.martensson\desktop\uppgift 15 - flappy helicopter\temp\tga2d\debug\tga2d.pdb
c:\users\casper.martensson\desktop\uppgift 15 - flappy helicopter\temp\tga2d\debug\tga2d.idb
c:\users\casper.martensson\desktop\uppgift 15 - flappy helicopter\temp\tga2d\debug\stdafx.obj
c:\users\casper.martensson\desktop\uppgift 15 - flappy helicopter\temp\tga2d\debug\ddstextureloader.obj
c:\users\casper.martensson\desktop\uppgift 15 - flappy helicopter\temp\tga2d\debug\spineanimation_internal.obj
c:\users\casper.martensson\desktop\uppgift 15 - flappy helicopter\temp\tga2d\debug\debug_drawer.obj
c:\users\casper.martensson\desktop\uppgift 15 - flappy helicopter\temp\tga2d\debug\textured_quad_drawer.obj
c:\users\casper.martensson\desktop\uppgift 15 - flappy helicopter\temp\tga2d\debug\file_watcher.obj
c:\users\casper.martensson\desktop\uppgift 15 - flappy helicopter\temp\tga2d\debug\texture.obj
c:\users\casper.martensson\desktop\uppgift 15 - flappy helicopter\temp\tga2d\debug\parser.obj
c:\users\casper.martensson\desktop\uppgift 15 - flappy helicopter\temp\tga2d\debug\textfile.obj
c:\users\casper.martensson\desktop\uppgift 15 - flappy helicopter\temp\tga2d\debug\text_service.obj
c:\users\casper.martensson\desktop\uppgift 15 - flappy helicopter\temp\tga2d\debug\video_audio.obj
c:\users\casper.martensson\desktop\uppgift 15 - flappy helicopter\temp\tga2d\debug\spineanimation.obj
c:\users\casper.martensson\desktop\uppgift 15 - flappy helicopter\temp\tga2d\debug\debug_performancegraph.obj
c:\users\casper.martensson\desktop\uppgift 15 - flappy helicopter\temp\tga2d\debug\xinput.obj
c:\users\casper.martensson\desktop\uppgift 15 - flappy helicopter\temp\tga2d\debug\light.obj
c:\users\casper.martensson\desktop\uppgift 15 - flappy helicopter\temp\tga2d\debug\light_manager.obj
c:\users\casper.martensson\desktop\uppgift 15 - flappy helicopter\temp\tga2d\debug\custom_shape.obj
c:\users\casper.martensson\desktop\uppgift 15 - flappy helicopter\temp\tga2d\debug\line_primitive.obj
c:\users\casper.martensson\desktop\uppgift 15 - flappy helicopter\temp\tga2d\debug\render_object.obj
c:\users\casper.martensson\desktop\uppgift 15 - flappy helicopter\temp\tga2d\debug\customshader.obj
c:\users\casper.martensson\desktop\uppgift 15 - flappy helicopter\temp\tga2d\debug\shader_normal_instanced.obj
c:\users\casper.martensson\desktop\uppgift 15 - flappy helicopter\temp\tga2d\debug\sprite_batch.obj
c:\users\casper.martensson\desktop\uppgift 15 - flappy helicopter\temp\tga2d\debug\textured_quad_batch.obj
c:\users\casper.martensson\desktop\uppgift 15 - flappy helicopter\temp\tga2d\debug\texture_manager.obj
c:\users\casper.martensson\desktop\uppgift 15 - flappy helicopter\temp\tga2d\debug\screengrab.obj
c:\users\casper.martensson\desktop\uppgift 15 - flappy helicopter\temp\tga2d\debug\audio.obj
c:\users\casper.martensson\desktop\uppgift 15 - flappy helicopter\temp\tga2d\debug\direct_3d.obj
c:\users\casper.martensson\desktop\uppgift 15 - flappy helicopter\temp\tga2d\debug\engine.obj
c:\users\casper.martensson\desktop\uppgift 15 - flappy helicopter\temp\tga2d\debug\shader_normal.obj
c:\users\casper.martensson\desktop\uppgift 15 - flappy helicopter\temp\tga2d\debug\sprite.obj
c:\users\casper.martensson\desktop\uppgift 15 - flappy helicopter\temp\tga2d\debug\textured_quad.obj
c:\users\casper.martensson\desktop\uppgift 15 - flappy helicopter\temp\tga2d\debug\fontfile.obj
c:\users\casper.martensson\desktop\uppgift 15 - flappy helicopter\temp\tga2d\debug\text.obj
c:\users\casper.martensson\desktop\uppgift 15 - flappy helicopter\temp\tga2d\debug\token.obj
c:\users\casper.martensson\desktop\uppgift 15 - flappy helicopter\temp\tga2d\debug\tgaloader.obj
c:\users\casper.martensson\desktop\uppgift 15 - flappy helicopter\temp\tga2d\debug\video.obj
c:\users\casper.martensson\desktop\uppgift 15 - flappy helicopter\temp\tga2d\debug\windows_window.obj
c:\users\casper.martensson\desktop\uppgift 15 - flappy helicopter\temp\tga2d\debug\wictextureloader.obj
c:\users\casper.martensson\desktop\uppgift 15 - flappy helicopter\temp\tga2d\debug\audio_out.obj
c:\users\casper.martensson\desktop\uppgift 15 - flappy helicopter\temp\tga2d\debug\custom_shape_drawer.obj
c:\users\casper.martensson\desktop\uppgift 15 - flappy helicopter\temp\tga2d\debug\line_drawer.obj
c:\users\casper.martensson\desktop\uppgift 15 - flappy helicopter\temp\tga2d\debug\textured_quad_batch_drawer.obj
c:\users\casper.martensson\desktop\uppgift 15 - flappy helicopter\temp\tga2d\debug\error_manager.obj
c:\users\casper.martensson\desktop\uppgift 15 - flappy helicopter\temp\tga2d\debug\common_math.obj
c:\users\casper.martensson\desktop\uppgift 15 - flappy helicopter\temp\tga2d\debug\perlin_noise.obj
c:\users\casper.martensson\desktop\uppgift 15 - flappy helicopter\temp\tga2d\debug\renderer.obj
c:\users\casper.martensson\desktop\uppgift 15 - flappy helicopter\temp\tga2d\debug\shader.obj
c:\users\casper.martensson\desktop\uppgift 15 - flappy helicopter\temp\tga2d\debug\videoplayer.obj
c:\users\casper.martensson\desktop\uppgift 15 - flappy helicopter\temp\tga2d\debug\animationstatedata.obj
c:\users\casper.martensson\desktop\uppgift 15 - flappy helicopter\temp\tga2d\debug\atlas.obj
c:\users\casper.martensson\desktop\uppgift 15 - flappy helicopter\temp\tga2d\debug\boundingboxattachment.obj
c:\users\casper.martensson\desktop\uppgift 15 - flappy helicopter\temp\tga2d\debug\color.obj
c:\users\casper.martensson\desktop\uppgift 15 - flappy helicopter\temp\tga2d\debug\ikconstraintdata.obj
c:\users\casper.martensson\desktop\uppgift 15 - flappy helicopter\temp\tga2d\debug\pathattachment.obj
c:\users\casper.martensson\desktop\uppgift 15 - flappy helicopter\temp\tga2d\debug\regionattachment.obj
c:\users\casper.martensson\desktop\uppgift 15 - flappy helicopter\temp\tga2d\debug\skeletonclipping.obj
c:\users\casper.martensson\desktop\uppgift 15 - flappy helicopter\temp\tga2d\debug\slotdata.obj
c:\users\casper.martensson\desktop\uppgift 15 - flappy helicopter\temp\tga2d\debug\vertexattachment.obj
c:\users\casper.martensson\desktop\uppgift 15 - flappy helicopter\temp\tga2d\debug\animation.obj
c:\users\casper.martensson\desktop\uppgift 15 - flappy helicopter\temp\tga2d\debug\attachmentloader.obj
c:\users\casper.martensson\desktop\uppgift 15 - flappy helicopter\temp\tga2d\debug\clippingattachment.obj
c:\users\casper.martensson\desktop\uppgift 15 - flappy helicopter\temp\tga2d\debug\eventdata.obj
c:\users\casper.martensson\desktop\uppgift 15 - flappy helicopter\temp\tga2d\debug\json.obj
c:\users\casper.martensson\desktop\uppgift 15 - flappy helicopter\temp\tga2d\debug\pointattachment.obj
c:\users\casper.martensson\desktop\uppgift 15 - flappy helicopter\temp\tga2d\debug\skeletonbinary.obj
c:\users\casper.martensson\desktop\uppgift 15 - flappy helicopter\temp\tga2d\debug\skin.obj
c:\users\casper.martensson\desktop\uppgift 15 - flappy helicopter\temp\tga2d\debug\transformconstraint.obj
c:\users\casper.martensson\desktop\uppgift 15 - flappy helicopter\temp\tga2d\debug\triangulator.obj
c:\users\casper.martensson\desktop\uppgift 15 - flappy helicopter\temp\tga2d\debug\array.obj
c:\users\casper.martensson\desktop\uppgift 15 - flappy helicopter\temp\tga2d\debug\attachment.obj
c:\users\casper.martensson\desktop\uppgift 15 - flappy helicopter\temp\tga2d\debug\bone.obj
c:\users\casper.martensson\desktop\uppgift 15 - flappy helicopter\temp\tga2d\debug\extension.obj
c:\users\casper.martensson\desktop\uppgift 15 - flappy helicopter\temp\tga2d\debug\meshattachment.obj
c:\users\casper.martensson\desktop\uppgift 15 - flappy helicopter\temp\tga2d\debug\pathconstraint.obj
c:\users\casper.martensson\desktop\uppgift 15 - flappy helicopter\temp\tga2d\debug\skeletonbounds.obj
c:\users\casper.martensson\desktop\uppgift 15 - flappy helicopter\temp\tga2d\debug\skeletonjson.obj
c:\users\casper.martensson\desktop\uppgift 15 - flappy helicopter\temp\tga2d\debug\transformconstraintdata.obj
c:\users\casper.martensson\desktop\uppgift 15 - flappy helicopter\temp\tga2d\debug\animationstate.obj
c:\users\casper.martensson\desktop\uppgift 15 - flappy helicopter\temp\tga2d\debug\atlasattachmentloader.obj
c:\users\casper.martensson\desktop\uppgift 15 - flappy helicopter\temp\tga2d\debug\bonedata.obj
c:\users\casper.martensson\desktop\uppgift 15 - flappy helicopter\temp\tga2d\debug\event.obj
c:\users\casper.martensson\desktop\uppgift 15 - flappy helicopter\temp\tga2d\debug\ikconstraint.obj
c:\users\casper.martensson\desktop\uppgift 15 - flappy helicopter\temp\tga2d\debug\pathconstraintdata.obj
c:\users\casper.martensson\desktop\uppgift 15 - flappy helicopter\temp\tga2d\debug\skeleton.obj
c:\users\casper.martensson\desktop\uppgift 15 - flappy helicopter\temp\tga2d\debug\skeletondata.obj
c:\users\casper.martensson\desktop\uppgift 15 - flappy helicopter\temp\tga2d\debug\slot.obj
c:\users\casper.martensson\desktop\uppgift 15 - flappy helicopter\temp\tga2d\debug\vertexeffect.obj
c:\users\casper.martensson\desktop\uppgift 15 - flappy helicopter\lib\tga2d_debug.lib
c:\users\casper.martensson\desktop\uppgift 15 - flappy helicopter\temp\tga2d\debug\dx2dengine.res
c:\users\casper.martensson\documents\github\matte\uppgift 2 - solsystem\temp\tga2d\debug\animation.obj
c:\users\casper.martensson\documents\github\matte\uppgift 2 - solsystem\temp\tga2d\debug\animationstate.obj
c:\users\casper.martensson\documents\github\matte\uppgift 2 - solsystem\temp\tga2d\debug\animationstatedata.obj
c:\users\casper.martensson\documents\github\matte\uppgift 2 - solsystem\temp\tga2d\debug\array.obj
c:\users\casper.martensson\documents\github\matte\uppgift 2 - solsystem\temp\tga2d\debug\atlas.obj
c:\users\casper.martensson\documents\github\matte\uppgift 2 - solsystem\temp\tga2d\debug\atlasattachmentloader.obj
c:\users\casper.martensson\documents\github\matte\uppgift 2 - solsystem\temp\tga2d\debug\attachment.obj
c:\users\casper.martensson\documents\github\matte\uppgift 2 - solsystem\temp\tga2d\debug\attachmentloader.obj
c:\users\casper.martensson\documents\github\matte\uppgift 2 - solsystem\temp\tga2d\debug\audio.obj
c:\users\casper.martensson\documents\github\matte\uppgift 2 - solsystem\temp\tga2d\debug\audio_out.obj
c:\users\casper.martensson\documents\github\matte\uppgift 2 - solsystem\temp\tga2d\debug\bone.obj
c:\users\casper.martensson\documents\github\matte\uppgift 2 - solsystem\temp\tga2d\debug\bonedata.obj
c:\users\casper.martensson\documents\github\matte\uppgift 2 - solsystem\temp\tga2d\debug\boundingboxattachment.obj
c:\users\casper.martensson\documents\github\matte\uppgift 2 - solsystem\temp\tga2d\debug\clippingattachment.obj
c:\users\casper.martensson\documents\github\matte\uppgift 2 - solsystem\temp\tga2d\debug\color.obj
c:\users\casper.martensson\documents\github\matte\uppgift 2 - solsystem\temp\tga2d\debug\common_math.obj
c:\users\casper.martensson\documents\github\matte\uppgift 2 - solsystem\temp\tga2d\debug\customshader.obj
c:\users\casper.martensson\documents\github\matte\uppgift 2 - solsystem\temp\tga2d\debug\custom_shape.obj
c:\users\casper.martensson\documents\github\matte\uppgift 2 - solsystem\temp\tga2d\debug\custom_shape_drawer.obj
c:\users\casper.martensson\documents\github\matte\uppgift 2 - solsystem\temp\tga2d\debug\ddstextureloader.obj
c:\users\casper.martensson\documents\github\matte\uppgift 2 - solsystem\temp\tga2d\debug\debug_drawer.obj
c:\users\casper.martensson\documents\github\matte\uppgift 2 - solsystem\temp\tga2d\debug\debug_performancegraph.obj
c:\users\casper.martensson\documents\github\matte\uppgift 2 - solsystem\temp\tga2d\debug\direct_3d.obj
c:\users\casper.martensson\documents\github\matte\uppgift 2 - solsystem\temp\tga2d\debug\engine.obj
c:\users\casper.martensson\documents\github\matte\uppgift 2 - solsystem\temp\tga2d\debug\error_manager.obj
c:\users\casper.martensson\documents\github\matte\uppgift 2 - solsystem\temp\tga2d\debug\event.obj
c:\users\casper.martensson\documents\github\matte\uppgift 2 - solsystem\temp\tga2d\debug\eventdata.obj
c:\users\casper.martensson\documents\github\matte\uppgift 2 - solsystem\temp\tga2d\debug\extension.obj
c:\users\casper.martensson\documents\github\matte\uppgift 2 - solsystem\temp\tga2d\debug\file_watcher.obj
c:\users\casper.martensson\documents\github\matte\uppgift 2 - solsystem\temp\tga2d\debug\fontfile.obj
c:\users\casper.martensson\documents\github\matte\uppgift 2 - solsystem\temp\tga2d\debug\ikconstraint.obj
c:\users\casper.martensson\documents\github\matte\uppgift 2 - solsystem\temp\tga2d\debug\ikconstraintdata.obj
c:\users\casper.martensson\documents\github\matte\uppgift 2 - solsystem\temp\tga2d\debug\json.obj
c:\users\casper.martensson\documents\github\matte\uppgift 2 - solsystem\temp\tga2d\debug\light.obj
c:\users\casper.martensson\documents\github\matte\uppgift 2 - solsystem\temp\tga2d\debug\light_manager.obj
c:\users\casper.martensson\documents\github\matte\uppgift 2 - solsystem\temp\tga2d\debug\line_drawer.obj
c:\users\casper.martensson\documents\github\matte\uppgift 2 - solsystem\temp\tga2d\debug\line_primitive.obj
c:\users\casper.martensson\documents\github\matte\uppgift 2 - solsystem\temp\tga2d\debug\meshattachment.obj
c:\users\casper.martensson\documents\github\matte\uppgift 2 - solsystem\temp\tga2d\debug\parser.obj
c:\users\casper.martensson\documents\github\matte\uppgift 2 - solsystem\temp\tga2d\debug\pathattachment.obj
c:\users\casper.martensson\documents\github\matte\uppgift 2 - solsystem\temp\tga2d\debug\pathconstraint.obj
c:\users\casper.martensson\documents\github\matte\uppgift 2 - solsystem\temp\tga2d\debug\pathconstraintdata.obj
c:\users\casper.martensson\documents\github\matte\uppgift 2 - solsystem\temp\tga2d\debug\perlin_noise.obj
c:\users\casper.martensson\documents\github\matte\uppgift 2 - solsystem\temp\tga2d\debug\pointattachment.obj
c:\users\casper.martensson\documents\github\matte\uppgift 2 - solsystem\temp\tga2d\debug\regionattachment.obj
c:\users\casper.martensson\documents\github\matte\uppgift 2 - solsystem\temp\tga2d\debug\renderer.obj
c:\users\casper.martensson\documents\github\matte\uppgift 2 - solsystem\temp\tga2d\debug\render_object.obj
c:\users\casper.martensson\documents\github\matte\uppgift 2 - solsystem\temp\tga2d\debug\screengrab.obj
c:\users\casper.martensson\documents\github\matte\uppgift 2 - solsystem\temp\tga2d\debug\shader.obj
c:\users\casper.martensson\documents\github\matte\uppgift 2 - solsystem\temp\tga2d\debug\shader_normal.obj
c:\users\casper.martensson\documents\github\matte\uppgift 2 - solsystem\temp\tga2d\debug\shader_normal_instanced.obj
c:\users\casper.martensson\documents\github\matte\uppgift 2 - solsystem\temp\tga2d\debug\skeleton.obj
c:\users\casper.martensson\documents\github\matte\uppgift 2 - solsystem\temp\tga2d\debug\skeletonbinary.obj
c:\users\casper.martensson\documents\github\matte\uppgift 2 - solsystem\temp\tga2d\debug\skeletonbounds.obj
c:\users\casper.martensson\documents\github\matte\uppgift 2 - solsystem\temp\tga2d\debug\skeletonclipping.obj
c:\users\casper.martensson\documents\github\matte\uppgift 2 - solsystem\temp\tga2d\debug\skeletondata.obj
c:\users\casper.martensson\documents\github\matte\uppgift 2 - solsystem\temp\tga2d\debug\skeletonjson.obj
c:\users\casper.martensson\documents\github\matte\uppgift 2 - solsystem\temp\tga2d\debug\skin.obj
c:\users\casper.martensson\documents\github\matte\uppgift 2 - solsystem\temp\tga2d\debug\slot.obj
c:\users\casper.martensson\documents\github\matte\uppgift 2 - solsystem\temp\tga2d\debug\slotdata.obj
c:\users\casper.martensson\documents\github\matte\uppgift 2 - solsystem\temp\tga2d\debug\spineanimation.obj
c:\users\casper.martensson\documents\github\matte\uppgift 2 - solsystem\temp\tga2d\debug\spineanimation_internal.obj
c:\users\casper.martensson\documents\github\matte\uppgift 2 - solsystem\temp\tga2d\debug\sprite.obj
c:\users\casper.martensson\documents\github\matte\uppgift 2 - solsystem\temp\tga2d\debug\sprite_batch.obj
c:\users\casper.martensson\documents\github\matte\uppgift 2 - solsystem\temp\tga2d\debug\stdafx.obj
c:\users\casper.martensson\documents\github\matte\uppgift 2 - solsystem\temp\tga2d\debug\text.obj
c:\users\casper.martensson\documents\github\matte\uppgift 2 - solsystem\temp\tga2d\debug\textfile.obj
c:\users\casper.martensson\documents\github\matte\uppgift 2 - solsystem\temp\tga2d\debug\texture.obj
c:\users\casper.martensson\documents\github\matte\uppgift 2 - solsystem\temp\tga2d\debug\textured_quad.obj
c:\users\casper.martensson\documents\github\matte\uppgift 2 - solsystem\temp\tga2d\debug\textured_quad_batch.obj
c:\users\casper.martensson\documents\github\matte\uppgift 2 - solsystem\temp\tga2d\debug\textured_quad_batch_drawer.obj
c:\users\casper.martensson\documents\github\matte\uppgift 2 - solsystem\temp\tga2d\debug\textured_quad_drawer.obj
c:\users\casper.martensson\documents\github\matte\uppgift 2 - solsystem\temp\tga2d\debug\texture_manager.obj
c:\users\casper.martensson\documents\github\matte\uppgift 2 - solsystem\temp\tga2d\debug\text_service.obj
c:\users\casper.martensson\documents\github\matte\uppgift 2 - solsystem\temp\tga2d\debug\tgaloader.obj
c:\users\casper.martensson\documents\github\matte\uppgift 2 - solsystem\temp\tga2d\debug\token.obj
c:\users\casper.martensson\documents\github\matte\uppgift 2 - solsystem\temp\tga2d\debug\transformconstraint.obj
c:\users\casper.martensson\documents\github\matte\uppgift 2 - solsystem\temp\tga2d\debug\transformconstraintdata.obj
c:\users\casper.martensson\documents\github\matte\uppgift 2 - solsystem\temp\tga2d\debug\triangulator.obj
c:\users\casper.martensson\documents\github\matte\uppgift 2 - solsystem\temp\tga2d\debug\vertexattachment.obj
c:\users\casper.martensson\documents\github\matte\uppgift 2 - solsystem\temp\tga2d\debug\vertexeffect.obj
c:\users\casper.martensson\documents\github\matte\uppgift 2 - solsystem\temp\tga2d\debug\video.obj
c:\users\casper.martensson\documents\github\matte\uppgift 2 - solsystem\temp\tga2d\debug\videoplayer.obj
c:\users\casper.martensson\documents\github\matte\uppgift 2 - solsystem\temp\tga2d\debug\video_audio.obj
c:\users\casper.martensson\documents\github\matte\uppgift 2 - solsystem\temp\tga2d\debug\wictextureloader.obj
c:\users\casper.martensson\documents\github\matte\uppgift 2 - solsystem\temp\tga2d\debug\windows_window.obj
c:\users\casper.martensson\documents\github\matte\uppgift 2 - solsystem\temp\tga2d\debug\xinput.obj
c:\users\casper.martensson\documents\github\matte\uppgift 2 - solsystem\temp\tga2d\debug\dx2dengine.res
c:\users\casper.martensson\documents\github\matte\uppgift 2 - solsystem\temp\tga2d\debug\tga2d_debug.pch
c:\users\casper.martensson\documents\github\matte\uppgift 2 - solsystem\temp\tga2d\debug\tga2d.idb
c:\users\casper.martensson\documents\github\matte\uppgift 2 - solsystem\temp\tga2d\debug\tga2d.pdb
c:\users\casper.martensson\documents\github\matte\uppgift 2 - solsystem\source\..\lib\tga2d_debug.lib
c:\users\casper.martensson\documents\github\matte\uppgift 2 - solsystem\temp\tga2d\debug\tga2d.tlog\cl.command.1.tlog
c:\users\casper.martensson\documents\github\matte\uppgift 2 - solsystem\temp\tga2d\debug\tga2d.tlog\cl.read.1.tlog
c:\users\casper.martensson\documents\github\matte\uppgift 2 - solsystem\temp\tga2d\debug\tga2d.tlog\cl.write.1.tlog
c:\users\casper.martensson\documents\github\matte\uppgift 2 - solsystem\temp\tga2d\debug\tga2d.tlog\lib-link-cvtres.read.1.tlog
c:\users\casper.martensson\documents\github\matte\uppgift 2 - solsystem\temp\tga2d\debug\tga2d.tlog\lib-link-cvtres.write.1.tlog
c:\users\casper.martensson\documents\github\matte\uppgift 2 - solsystem\temp\tga2d\debug\tga2d.tlog\lib.command.1.tlog
c:\users\casper.martensson\documents\github\matte\uppgift 2 - solsystem\temp\tga2d\debug\tga2d.tlog\rc.command.1.tlog
c:\users\casper.martensson\documents\github\matte\uppgift 2 - solsystem\temp\tga2d\debug\tga2d.tlog\rc.read.1.tlog
c:\users\casper.martensson\documents\github\matte\uppgift 2 - solsystem\temp\tga2d\debug\tga2d.tlog\rc.write.1.tlog
