  stdafx.cpp
  -------Never give up your dreams!-------------
  DDSTextureLoader.cpp
  ScreenGrab.cpp
  WICTextureLoader.cpp
  spineanimation.cpp
  SpineAnimation_internal.cpp
  audio.cpp
  audio_out.cpp
  direct_3d.cpp
  custom_shape_drawer.cpp
  debug_drawer.cpp
  debug_performancegraph.cpp
  line_drawer.cpp
  textured_quad_batch_drawer.cpp
  textured_quad_drawer.cpp
  engine.cpp
  error_manager.cpp
  file_watcher.cpp
  XInput.cpp
  light.cpp
  light_manager.cpp
  common_math.cpp
  perlin_noise.cpp
  custom_shape.cpp
  line_primitive.cpp
  renderer.cpp
  render_object.cpp
  customshader.cpp
  shader.cpp
  shader_normal.cpp
  shader_normal_instanced.cpp
  sprite.cpp
  sprite_batch.cpp
  textured_quad.cpp
  textured_quad_batch.cpp
  texture.cpp
  texture_manager.cpp
  fontfile.cpp
  parser.cpp
  text.cpp
  textfile.cpp
  text_service.cpp
  token.cpp
  tgaloader.cpp
  video.cpp
  videoplayer.cpp
  video_audio.cpp
  windows_window.cpp
  Animation.c
  AnimationState.c
  AnimationStateData.c
  Array.c
  Atlas.c
  AtlasAttachmentLoader.c
  Attachment.c
  AttachmentLoader.c
  Bone.c
  BoneData.c
  BoundingBoxAttachment.c
  ClippingAttachment.c
  Color.c
  Event.c
  EventData.c
  extension.c
  IkConstraint.c
  IkConstraintData.c
  Json.c
  MeshAttachment.c
  PathAttachment.c
  PathConstraint.c
  PathConstraintData.c
  PointAttachment.c
  RegionAttachment.c
  Skeleton.c
  SkeletonBinary.c
  SkeletonBounds.c
  SkeletonClipping.c
  SkeletonData.c
  SkeletonJson.c
  Skin.c
  Slot.c
  SlotData.c
  TransformConstraint.c
  TransformConstraintData.c
  Triangulator.c
  VertexAttachment.c
  VertexEffect.c
  DX2DEngine.vcxproj -> C:\Users\casper.martensson\Documents\GitHub\Matte\Uppgift 2 - Solsystem\Source\Source\..\Lib\TGA2D_Debug.lib
