  stdafx.cpp
  -------Never give up your dreams!-------------
  DDSTextureLoader.cpp
  ScreenGrab.cpp
  WICTextureLoader.cpp
  CAnimation.cpp
  MathFunc.cpp
  audio.cpp
  audio_out.cpp
  direct_3d.cpp
  custom_shape_drawer.cpp
  debug_drawer.cpp
  debug_performancegraph.cpp
  line_drawer.cpp
  textured_quad_batch_drawer.cpp
  textured_quad_drawer.cpp
  engine.cpp
  error_manager.cpp
  file_watcher.cpp
  XInput.cpp
  light.cpp
  light_manager.cpp
  FBXLoader.cpp
  tgaloader.cpp
  common_math.cpp
  FBXModel.cpp
  perlin_noise.cpp
  custom_shape.cpp
  line_primitive.cpp
  model_shape.cpp
  renderer.cpp
  render_object.cpp
  customshader.cpp
  shader.cpp
  shader_model.cpp
  shader_normal.cpp
  shader_normal_instanced.cpp
  sprite.cpp
  sprite_batch.cpp
  textured_quad.cpp
  textured_quad_batch.cpp
  texture.cpp
  texture_manager.cpp
  fontfile.cpp
  parser.cpp
  text.cpp
  textfile.cpp
  text_service.cpp
  token.cpp
  video.cpp
  videoplayer.cpp
  video_audio.cpp
  windows_window.cpp
  tga2dcore.vcxproj -> C:\Users\casper.martensson\Documents\GitHub\Matte\Uppgift 8 ThreeShapes\Source\Source\..\Lib\TGA2D_Debug.lib
