c:\users\casper.martensson\desktop\uppgift 15 - flappy helicopter\temp\game\debug\game_debug.pch
c:\users\casper.martensson\desktop\uppgift 15 - flappy helicopter\temp\game\debug\game.pdb
c:\users\casper.martensson\desktop\uppgift 15 - flappy helicopter\temp\game\debug\game.idb
c:\users\casper.martensson\desktop\uppgift 15 - flappy helicopter\temp\game\debug\stdafx.obj
c:\users\casper.martensson\desktop\uppgift 15 - flappy helicopter\temp\game\debug\game.obj
c:\users\casper.martensson\desktop\uppgift 15 - flappy helicopter\temp\game\debug\gameworld.obj
c:\users\casper.martensson\desktop\uppgift 15 - flappy helicopter\lib\game_debug.lib
c:\users\casper.martensson\documents\github\matte\uppgift 2 - solsystem\temp\game\debug\game.obj
c:\users\casper.martensson\documents\github\matte\uppgift 2 - solsystem\temp\game\debug\gameworld.obj
c:\users\casper.martensson\documents\github\matte\uppgift 2 - solsystem\temp\game\debug\stdafx.obj
c:\users\casper.martensson\documents\github\matte\uppgift 2 - solsystem\temp\game\debug\game_debug.pch
c:\users\casper.martensson\documents\github\matte\uppgift 2 - solsystem\temp\game\debug\game.idb
c:\users\casper.martensson\documents\github\matte\uppgift 2 - solsystem\temp\game\debug\game.pdb
c:\users\casper.martensson\documents\github\matte\uppgift 2 - solsystem\source\..\lib\game_debug.lib
c:\users\casper.martensson\documents\github\matte\uppgift 2 - solsystem\temp\game\debug\game.tlog\cl.command.1.tlog
c:\users\casper.martensson\documents\github\matte\uppgift 2 - solsystem\temp\game\debug\game.tlog\cl.read.1.tlog
c:\users\casper.martensson\documents\github\matte\uppgift 2 - solsystem\temp\game\debug\game.tlog\cl.write.1.tlog
c:\users\casper.martensson\documents\github\matte\uppgift 2 - solsystem\temp\game\debug\game.tlog\lib-link.read.1.tlog
c:\users\casper.martensson\documents\github\matte\uppgift 2 - solsystem\temp\game\debug\game.tlog\lib-link.write.1.tlog
c:\users\casper.martensson\documents\github\matte\uppgift 2 - solsystem\temp\game\debug\game.tlog\lib.command.1.tlog
